<?xml version="1.0" encoding="UTF-8"?>
<!-- Generated by org.testng.reporters.JUnitReportReporter -->
<testsuite hostname="yangdeMacBook-Pro.local" name="dashboard.fortestng" tests="1" failures="0" timestamp="6 Mar 2018 07:27:57 GMT" time="11.925" errors="0">
  <testcase name="createApp" time="11.925" classname="dashboard.fortestng"/>
</testsuite> <!-- dashboard.fortestng -->
