<?xml version="1.0" encoding="UTF-8"?>
<!-- Generated by org.testng.reporters.JUnitReportReporter -->
<testsuite skipped="0" hostname="yangdeMacBook-Pro.local" name="example.fortestng" tests="1" failures="0" timestamp="09 三月 2018 09:52:15 GMT" time="12.861" errors="0">
  <testcase name="createApp" time="12.861" classname="example.fortestng"/>
</testsuite> <!-- example.fortestng -->
