<?xml version="1.0" encoding="UTF-8"?>
<!-- Generated by org.testng.reporters.JUnitReportReporter -->
<testsuite skipped="0" hostname="yangdeMacBook-Pro.local" name="dce.service.ServiceHighCfgYamlString" tests="1" failures="0" timestamp="28 四月 2018 03:32:02 GMT" time="14.152" errors="0">
  <testcase name="serviceHigh" time="14.152" classname="dce.service.ServiceHighCfgYamlString"/>
</testsuite> <!-- dce.service.ServiceHighCfgYamlString -->
