<?xml version="1.0" encoding="UTF-8"?>
<!-- Generated by org.testng.reporters.JUnitReportReporter -->
<testsuite skipped="0" hostname="yangdeMacBook-Pro.local" name="dce.app.CreateTomcat" tests="1" failures="0" timestamp="17 五月 2018 09:18:57 GMT" time="53.743" errors="0">
  <testcase name="createTomcatApp" time="53.743" classname="dce.app.CreateTomcat"/>
</testsuite> <!-- dce.app.CreateTomcat -->
