<?xml version="1.0" encoding="UTF-8"?>
<!-- Generated by org.testng.reporters.JUnitReportReporter -->
<testsuite skipped="0" hostname="yangdeMacBook-Pro.local" name="dce.image.CreateImage" tests="1" failures="0" timestamp="14 三月 2018 10:31:53 GMT" time="58.305" errors="0">
  <testcase name="createImage" time="58.305" classname="dce.image.CreateImage"/>
</testsuite> <!-- dce.image.CreateImage -->
