<?xml version="1.0" encoding="UTF-8"?>
<!-- Generated by org.testng.reporters.JUnitReportReporter -->
<testsuite skipped="0" hostname="yangdeMacBook-Pro.local" name="dce.app.CreateApp" tests="1" failures="0" timestamp="21 三月 2018 07:55:11 GMT" time="64.747" errors="0">
  <testcase name="createApplication" time="64.747" classname="dce.app.CreateApp"/>
</testsuite> <!-- dce.app.CreateApp -->
