<?xml version="1.0" encoding="UTF-8"?>
<!-- Generated by org.testng.reporters.JUnitReportReporter -->
<testsuite skipped="0" hostname="yangdeMacBook-Pro.local" name="example.fortestng" tests="1" failures="0" timestamp="14 三月 2018 01:58:53 GMT" time="16.387" errors="0">
  <testcase name="createApp" time="16.387" classname="example.fortestng"/>
</testsuite> <!-- example.fortestng -->
