<?xml version="1.0" encoding="UTF-8"?>
<!-- Generated by org.testng.reporters.JUnitReportReporter -->
<testsuite skipped="0" hostname="yangdeMacBook-Pro.local" name="dce.app.CreateAppUrl" tests="1" failures="0" timestamp="21 三月 2018 10:20:01 GMT" time="74.398" errors="0">
  <testcase name="urlApplication" time="74.398" classname="dce.app.CreateAppUrl"/>
</testsuite> <!-- dce.app.CreateAppUrl -->
