<?xml version="1.0" encoding="UTF-8"?>
<!-- Generated by org.testng.reporters.JUnitReportReporter -->
<testsuite skipped="0" hostname="yangdeMacBook-Pro.local" name="dce.template.CreateTemplate" tests="1" failures="0" timestamp="19 三月 2018 08:35:05 GMT" time="56.420" errors="0">
  <testcase name="createTemplate" time="56.420" classname="dce.template.CreateTemplate"/>
</testsuite> <!-- dce.template.CreateTemplate -->
