<?xml version="1.0" encoding="UTF-8"?>
<!-- Generated by org.testng.reporters.JUnitReportReporter -->
<testsuite skipped="0" hostname="yangdeMacBook-Pro.local" name="dce.module.CreateModule" tests="1" failures="0" timestamp="16 三月 2018 09:13:32 GMT" time="73.359" errors="0">
  <testcase name="createModule" time="73.359" classname="dce.module.CreateModule"/>
</testsuite> <!-- dce.module.CreateModule -->
